{
  "RSpec": {
    "coverage": {
      "/home/GiancarloZ/tic-tac-toe-rb-v-000/lib/tic_tac_toe.rb": [
        1,
        null,
        1,
        7,
        7,
        7,
        7,
        7,
        null,
        null,
        1,
        null,
        1,
        6,
        null,
        null,
        1,
        5,
        null,
        null,
        1,
        15,
        null,
        null,
        1,
        6,
        null,
        null,
        1,
        3,
        3,
        3,
        3,
        2,
        2,
        null,
        1,
        null,
        null,
        null,
        1,
        4,
        4,
        36,
        5,
        null,
        null,
        4,
        null,
        null,
        1,
        3,
        null,
        null,
        1,
        11,
        78,
        null,
        null,
        null,
        null,
        null,
        1,
        82,
        null,
        null,
        1,
        7,
        3,
        null,
        null,
        null,
        1,
        3,
        1,
        2,
        1,
        1,
        0,
        null,
        null,
        null,
        1,
        3,
        3,
        1,
        1,
        1,
        null,
        null,
        null,
        null
      ]
    },
    "timestamp": 1561500587
  }
}
