{
  "RSpec": {
    "coverage": {
      "/home/GiancarloZ/tic-tac-toe-rb-v-000/lib/tic_tac_toe.rb": [
        1,
        null,
        1,
        7,
        7,
        7,
        7,
        7,
        null,
        null,
        1,
        null,
        1,
        6,
        null,
        null,
        1,
        5,
        null,
        null,
        1,
        16,
        null,
        null,
        1,
        6,
        null,
        null,
        1,
        3,
        3,
        3,
        3,
        2,
        2,
        null,
        1,
        null,
        null,
        null,
        1,
        4,
        4,
        36,
        5,
        null,
        null,
        4,
        null,
        null,
        1,
        3,
        null,
        null,
        1,
        12,
        84,
        null,
        null,
        null,
        12,
        null,
        null,
        1,
        92,
        null,
        null,
        1,
        8,
        5,
        null,
        null,
        null,
        1,
        3,
        0,
        3,
        2,
        1,
        0,
        null,
        null,
        null,
        1,
        3,
        3,
        0,
        0,
        0,
        null,
        null
      ]
    },
    "timestamp": 1561500980
  }
}
